Rebuild target 'BackBrdDrv'
compiling DataTrans.c...
compiling pc.c...
compiling TstBrdContrl.c...
compiling DelayTime.c...
compiling SystemInit.c...
compiling MainPro.c...
compiling Chamber.c...
compiling cfguo.c...
compiling NewPower.c...
compiling Crc16_MODBUS.c...
linking...
*** WARNING L16: UNCALLED SEGMENT, IGNORED FOR OVERLAY PROCESS
    SEGMENT: ?PR?_SETCHAMBERON?CHAMBER

*** WARNING L16: UNCALLED SEGMENT, IGNORED FOR OVERLAY PROCESS
    SEGMENT: ?PR?_READCHAMBERTEMPERATURE?CHAMBER

*** WARNING L16: UNCALLED SEGMENT, IGNORED FOR OVERLAY PROCESS
    SEGMENT: ?PR?_WAITCHAMBERSTABLE?CHAMBER

*** WARNING L15: MULTIPLE CALL TO SEGMENT
    SEGMENT: ?PR?_STRSTR?STRSTR
    CALLER1: ?PR?RECIEVEPRESSKEYCOMMANDFROMPC?SYSTEMINIT
    CALLER2: ?C_C51STARTUP

Program Size: data=27.0 xdata=4651 code=30237
creating hex file from ".\Objects\BackBrdDrv_Pro"...
".\Objects\BackBrdDrv_Pro" - 0 Error(s), 4 Warning(s).
Build Time Elapsed:  00:00:01
