C51 COMPILER V9.60.0.0   PC                                                                05/06/2023 12:12:06 PAGE 1   


C51 COMPILER V9.60.0.0, COMPILATION OF MODULE PC
OBJECT MODULE PLACED IN .\Objects\pc.obj
COMPILER INVOKED BY: D:\Software\Keil\C51\BIN\C51.EXE pc.c LARGE OPTIMIZE(4,SPEED) BROWSE DEBUG OBJECTEXTEND CODE PRINT(
                    -.\Listings\pc.lst) TABS(2) OBJECT(.\Objects\pc.obj)

line level    source

   1          #include <pc.h>
   2          #include <DataTrans.h>
   3          #include <string.h>
   4          #include <stdlib.h>
   5          
   6          unsigned char nCunt;
   7          extern char xdata nRecieveData[200];    // 来源于 “DataTrans.c”
   8          extern int VBEandRotation[2];
   9          unsigned char Version = 0x01;
  10          
  11          void SendStringDataToPC(char *pData)
  12          {
  13   1      //  ES = 0x00;
  14   1        UsartInit(ComPort_1,BTR115200);
  15   1        SendStringData(ComPort_1,pData);
  16   1      }
  17          
  18          void SendFloatDataToPC(float *pFloatData,unsigned char nFloatDataCunt)
  19          {
  20   1      //  ES = 0x00;
  21   1        UsartInit(ComPort_1,BTR115200);
  22   1        SendFloatData(ComPort_1,pFloatData,nFloatDataCunt); 
  23   1      }
  24          
  25          void SendIntDataToPC(int *pIntData,int nIntDataCunt)
  26          {
  27   1      //  ES = 0x00;
  28   1        UsartInit(ComPort_1,BTR115200);
  29   1        SendIntData(ComPort_1,pIntData,nIntDataCunt);
  30   1      }
  31          
  32          void ReadTC18B20PackageAndUsePt100Index(char *nPackageType,char *nPt100Index)
  33          {
  34   1        char nTempRxData[10];
  35   1        char nPt100Cunt = 0,nBitCunt = 0;
  36   1        
  37   1        UsartInit(ComPort_1,BTR115200);
  38   1        
  39   1        nCunt = 0;
  40   1        RI = 0x00;
  41   1        while(1){
  42   2          if(RI){
  43   3            RI = 0x00;
  44   3            
  45   3            nRecieveData[nCunt] = SBUF;
  46   3            if('@' == nRecieveData[nCunt]){
  47   4              break;
  48   4            }
  49   3            
  50   3            nCunt++;
  51   3          }
  52   2        }
  53   1        
  54   1        *nPackageType = 0x00;
C51 COMPILER V9.60.0.0   PC                                                                05/06/2023 12:12:06 PAGE 2   

  55   1        for(nPt100Cunt = 0; nPt100Cunt < 32; nPt100Cunt++){
  56   2          nPt100Index[nPt100Cunt] = 99;
  57   2        }
  58   1        
  59   1        if((strstr(nRecieveData,"TO92") != NULL) || (strstr(nRecieveData,"to92") != NULL)){
  60   2          *nPackageType |= TO92;
  61   2        }
  62   1        
  63   1        else if((strstr(nRecieveData,"SOP8") != NULL) || (strstr(nRecieveData,"sop8") != NULL)){
  64   2          *nPackageType |= SOP8;
  65   2        }
  66   1        
  67   1        else if((strstr(nRecieveData,"CDFN8") != NULL) || (strstr(nRecieveData,"cdfn8") != NULL)){
  68   2          *nPackageType |= CDFN8;
  69   2        }
  70   1        
  71   1        else{
  72   2          *nPackageType |= NONEPKG;
  73   2        }
  74   1          
  75   1        if(strstr(nRecieveData,"3.3V") != NULL){
  76   2          *nPackageType |= UserV3V3;
  77   2        }
  78   1        
  79   1        else if((strstr(nRecieveData,"5.0V") != NULL) || (strstr(nRecieveData,"5V") != NULL)){
  80   2          *nPackageType |= UserV5V;
  81   2        }
  82   1        
  83   1        else{
  84   2          *nPackageType |= NoneVoltage;
  85   2        }
  86   1        
  87   1      // SOP8-5.0V,PT100,1,2,3,4,5,6,7,8,9,10,11,12,13,14,15,16,17,18,19,20,21,22,23,24,25,26,27,28,29,30,31,32@
             -  
  88   1        memset(nTempRxData,'\0',sizeof(nTempRxData));
  89   1        nCunt = 0;
  90   1        while(1){
  91   2          if(',' == nRecieveData[nCunt]){ // 第一个逗号
  92   3            nCunt++;
  93   3            break;
  94   3          }
  95   2          nCunt++;
  96   2        }
  97   1        
  98   1        while(1){
  99   2          if(',' == nRecieveData[nCunt]){ // 第二个逗号
 100   3            nCunt++;
 101   3            break;
 102   3          }
 103   2          nCunt++;
 104   2        }
 105   1        
 106   1        for(nPt100Cunt = 0; nPt100Cunt < 32; nPt100Cunt++){ // 解析铂电阻的编号
 107   2          memset(nTempRxData,'\0',sizeof(nTempRxData));
 108   2          
 109   2          nBitCunt = 0;
 110   2          while(1){
 111   3            if((',' == nRecieveData[nCunt]) || ('@' ==  nRecieveData[nCunt]))
 112   3            break;
 113   3            
 114   3            else{     
 115   4              nTempRxData[nBitCunt] = nRecieveData[nCunt];
C51 COMPILER V9.60.0.0   PC                                                                05/06/2023 12:12:06 PAGE 3   

 116   4              nBitCunt++;
 117   4              nCunt++;
 118   4            }
 119   3          }
 120   2          
 121   2          nPt100Index[nPt100Cunt] = (char)(atoi(nTempRxData)) - 0x01; // PT100的编号从“1”开始
 122   2          if('@' ==  nRecieveData[nCunt]){
 123   3            break;
 124   3          }
 125   2          
 126   2          else{
 127   3            nCunt++;
 128   3          }
 129   2        }
 130   1      }
 131            //#VBE,Rotation@
 132          void ReadTrimmingDataFromPC(void)
 133          {
 134   1        char nTempRxData[10];
 135   1        char nCuntA = 0,nBitCunt = 0;
 136   1        
 137   1        UsartInit(ComPort_1,BTR115200);
 138   1        
 139   1        nCunt = 0;
 140   1        RI = 0x00;
 141   1        while(1){
 142   2          if(RI){
 143   3            RI = 0x00;
 144   3            
 145   3            nRecieveData[nCunt] = SBUF;
 146   3            if('@' == nRecieveData[nCunt]){
 147   4              break;
 148   4            }
 149   3            
 150   3            nCunt++;
 151   3          }
 152   2        }
 153   1        if(strstr(nRecieveData,"B") != NULL){ 
 154   2          Version = Version_B;
 155   2          SendStringDataToPC("\r\nTrimming Program Version is B\r\n");
 156   2        }
 157   1        else if(strstr(nRecieveData,"C") != NULL){ 
 158   2          Version = Version_C;
 159   2          SendStringDataToPC("\r\nTrimming Program Version is C\r\n");
 160   2        }
 161   1        memset(nTempRxData,'\0',sizeof(nTempRxData));
 162   1        nCunt = 0;
 163   1        while(1){
 164   2          if('#' == nRecieveData[nCunt]){
 165   3            nCunt++;
 166   3            break;
 167   3          }
 168   2          nCunt++;
 169   2        }
 170   1        
 171   1        for(nCuntA = 0; nCuntA < 2; nCuntA++){ // 解析铂电阻的编号
 172   2          memset(nTempRxData,'\0',sizeof(nTempRxData));
 173   2          
 174   2          nBitCunt = 0;
 175   2          while(1){
 176   3            if((',' == nRecieveData[nCunt]) || ('@' ==  nRecieveData[nCunt]))
 177   3              break;
C51 COMPILER V9.60.0.0   PC                                                                05/06/2023 12:12:06 PAGE 4   

 178   3            
 179   3            else{     
 180   4              nTempRxData[nBitCunt] = nRecieveData[nCunt];
 181   4              nBitCunt++;
 182   4              nCunt++;
 183   4            }
 184   3          }
 185   2          
 186   2          VBEandRotation[nCuntA] = atoi(nTempRxData); // PT100的编号从“1”开始
 187   2          
 188   2          if('@' ==  nRecieveData[nCunt]){
 189   3            SendStringDataToPC("\r\n  ");
 190   3            if(Version == Version_B){
 191   4              UsartInit(ComPort_1,BTR115200);
 192   4              SendStringDataToPC("Rotation:");
 193   4              SendIntDataSelect(ComPort_1,VBEandRotation,1,2);    
 194   4            }       
 195   3            else{
 196   4              SendStringDataToPC("VBE and Rotation:");
 197   4              SendIntDataToPC(VBEandRotation,2);
 198   4            } 
 199   3            SendStringDataToPC("\r\n\r\n");
 200   3            break;    
 201   3          }
 202   2          
 203   2          else{
 204   3            nCunt++;      
 205   3          }
 206   2          
 207   2        }
 208   1      }
C51 COMPILER V9.60.0.0   PC                                                                05/06/2023 12:12:06 PAGE 5   

ASSEMBLY LISTING OF GENERATED OBJECT CODE


             ; FUNCTION _SendStringDataToPC (BEGIN)
                                           ; SOURCE LINE # 11
0000 900000      R     MOV     DPTR,#pData
0003 EB                MOV     A,R3
0004 F0                MOVX    @DPTR,A
0005 A3                INC     DPTR
0006 EA                MOV     A,R2
0007 F0                MOVX    @DPTR,A
0008 A3                INC     DPTR
0009 E9                MOV     A,R1
000A F0                MOVX    @DPTR,A
                                           ; SOURCE LINE # 12
                                           ; SOURCE LINE # 14
000B 7D07              MOV     R5,#07H
000D E4                CLR     A
000E FF                MOV     R7,A
000F 120000      E     LCALL   _UsartInit
                                           ; SOURCE LINE # 15
0012 900000      R     MOV     DPTR,#pData
0015 E0                MOVX    A,@DPTR
0016 FB                MOV     R3,A
0017 A3                INC     DPTR
0018 E0                MOVX    A,@DPTR
0019 FA                MOV     R2,A
001A A3                INC     DPTR
001B E0                MOVX    A,@DPTR
001C F9                MOV     R1,A
001D E4                CLR     A
001E FF                MOV     R7,A
001F 120000      E     LCALL   _SendStringData
                                           ; SOURCE LINE # 16
0022 22                RET     
             ; FUNCTION _SendStringDataToPC (END)

             ; FUNCTION _SendFloatDataToPC (BEGIN)
                                           ; SOURCE LINE # 18
0000 900000      R     MOV     DPTR,#pFloatData
0003 EB                MOV     A,R3
0004 F0                MOVX    @DPTR,A
0005 A3                INC     DPTR
0006 EA                MOV     A,R2
0007 F0                MOVX    @DPTR,A
0008 A3                INC     DPTR
0009 E9                MOV     A,R1
000A F0                MOVX    @DPTR,A
000B A3                INC     DPTR
000C ED                MOV     A,R5
000D F0                MOVX    @DPTR,A
                                           ; SOURCE LINE # 19
                                           ; SOURCE LINE # 21
000E 7D07              MOV     R5,#07H
0010 E4                CLR     A
0011 FF                MOV     R7,A
0012 120000      E     LCALL   _UsartInit
                                           ; SOURCE LINE # 22
0015 900000      R     MOV     DPTR,#pFloatData
0018 E0                MOVX    A,@DPTR
0019 FB                MOV     R3,A
001A A3                INC     DPTR
C51 COMPILER V9.60.0.0   PC                                                                05/06/2023 12:12:06 PAGE 6   

001B E0                MOVX    A,@DPTR
001C FA                MOV     R2,A
001D A3                INC     DPTR
001E E0                MOVX    A,@DPTR
001F F9                MOV     R1,A
0020 A3                INC     DPTR
0021 E0                MOVX    A,@DPTR
0022 FF                MOV     R7,A
0023 900000      E     MOV     DPTR,#?_SendFloatData?BYTE+04H
0026 E4                CLR     A
0027 F0                MOVX    @DPTR,A
0028 A3                INC     DPTR
0029 EF                MOV     A,R7
002A F0                MOVX    @DPTR,A
002B E4                CLR     A
002C FF                MOV     R7,A
002D 120000      E     LCALL   _SendFloatData
                                           ; SOURCE LINE # 23
0030 22                RET     
             ; FUNCTION _SendFloatDataToPC (END)

             ; FUNCTION _SendIntDataToPC (BEGIN)
                                           ; SOURCE LINE # 25
0000 900000      R     MOV     DPTR,#pIntData
0003 EB                MOV     A,R3
0004 F0                MOVX    @DPTR,A
0005 A3                INC     DPTR
0006 EA                MOV     A,R2
0007 F0                MOVX    @DPTR,A
0008 A3                INC     DPTR
0009 E9                MOV     A,R1
000A F0                MOVX    @DPTR,A
000B A3                INC     DPTR
000C EC                MOV     A,R4
000D F0                MOVX    @DPTR,A
000E A3                INC     DPTR
000F ED                MOV     A,R5
0010 F0                MOVX    @DPTR,A
                                           ; SOURCE LINE # 26
                                           ; SOURCE LINE # 28
0011 7D07              MOV     R5,#07H
0013 E4                CLR     A
0014 FF                MOV     R7,A
0015 120000      E     LCALL   _UsartInit
                                           ; SOURCE LINE # 29
0018 900000      R     MOV     DPTR,#pIntData
001B E0                MOVX    A,@DPTR
001C FB                MOV     R3,A
001D A3                INC     DPTR
001E E0                MOVX    A,@DPTR
001F FA                MOV     R2,A
0020 A3                INC     DPTR
0021 E0                MOVX    A,@DPTR
0022 F9                MOV     R1,A
0023 A3                INC     DPTR
0024 E0                MOVX    A,@DPTR
0025 FF                MOV     R7,A
0026 A3                INC     DPTR
0027 E0                MOVX    A,@DPTR
0028 900000      E     MOV     DPTR,#?_SendIntData?BYTE+04H
002B CF                XCH     A,R7
002C F0                MOVX    @DPTR,A
C51 COMPILER V9.60.0.0   PC                                                                05/06/2023 12:12:06 PAGE 7   

002D A3                INC     DPTR
002E EF                MOV     A,R7
002F F0                MOVX    @DPTR,A
0030 E4                CLR     A
0031 FF                MOV     R7,A
0032 120000      E     LCALL   _SendIntData
                                           ; SOURCE LINE # 30
0035 22                RET     
             ; FUNCTION _SendIntDataToPC (END)

             ; FUNCTION _ReadTC18B20PackageAndUsePt100Index (BEGIN)
                                           ; SOURCE LINE # 32
0000 900000      R     MOV     DPTR,#nPackageType
0003 EB                MOV     A,R3
0004 F0                MOVX    @DPTR,A
0005 A3                INC     DPTR
0006 EA                MOV     A,R2
0007 F0                MOVX    @DPTR,A
0008 A3                INC     DPTR
0009 E9                MOV     A,R1
000A F0                MOVX    @DPTR,A
                                           ; SOURCE LINE # 33
                                           ; SOURCE LINE # 35
000B E4                CLR     A
000C 900000      R     MOV     DPTR,#nPt100Cunt
000F F0                MOVX    @DPTR,A
0010 A3                INC     DPTR
0011 F0                MOVX    @DPTR,A
                                           ; SOURCE LINE # 37
0012 7D07              MOV     R5,#07H
0014 FF                MOV     R7,A
0015 120000      E     LCALL   _UsartInit
                                           ; SOURCE LINE # 39
0018 E4                CLR     A
0019 900000      R     MOV     DPTR,#nCunt
001C F0                MOVX    @DPTR,A
                                           ; SOURCE LINE # 40
001D C298              CLR     RI
001F         ?C0004:
                                           ; SOURCE LINE # 41
                                           ; SOURCE LINE # 42
001F 3098FD            JNB     RI,?C0004
                                           ; SOURCE LINE # 43
0022 C298              CLR     RI
                                           ; SOURCE LINE # 45
0024 900000      R     MOV     DPTR,#nCunt
0027 E0                MOVX    A,@DPTR
0028 2400        E     ADD     A,#LOW nRecieveData
002A F582              MOV     DPL,A
002C E4                CLR     A
002D 3400        E     ADDC    A,#HIGH nRecieveData
002F F583              MOV     DPH,A
0031 E599              MOV     A,SBUF
0033 F0                MOVX    @DPTR,A
                                           ; SOURCE LINE # 46
0034 900000      R     MOV     DPTR,#nCunt
0037 E0                MOVX    A,@DPTR
0038 2400        E     ADD     A,#LOW nRecieveData
003A F582              MOV     DPL,A
003C E4                CLR     A
003D 3400        E     ADDC    A,#HIGH nRecieveData
003F F583              MOV     DPH,A
C51 COMPILER V9.60.0.0   PC                                                                05/06/2023 12:12:06 PAGE 8   

0041 E0                MOVX    A,@DPTR
0042 6440              XRL     A,#040H
0044 6008              JZ      ?C0005
                                           ; SOURCE LINE # 47
                                           ; SOURCE LINE # 48
                                           ; SOURCE LINE # 50
0046 900000      R     MOV     DPTR,#nCunt
0049 E0                MOVX    A,@DPTR
004A 04                INC     A
004B F0                MOVX    @DPTR,A
                                           ; SOURCE LINE # 51
                                           ; SOURCE LINE # 52
004C 80D1              SJMP    ?C0004
004E         ?C0005:
                                           ; SOURCE LINE # 54
004E 900000      R     MOV     DPTR,#nPackageType
0051 E0                MOVX    A,@DPTR
0052 FB                MOV     R3,A
0053 A3                INC     DPTR
0054 E0                MOVX    A,@DPTR
0055 FA                MOV     R2,A
0056 A3                INC     DPTR
0057 E0                MOVX    A,@DPTR
0058 F9                MOV     R1,A
0059 E4                CLR     A
005A 120000      E     LCALL   ?C?CSTPTR
                                           ; SOURCE LINE # 55
005D 900000      R     MOV     DPTR,#nPt100Cunt
0060 F0                MOVX    @DPTR,A
0061         ?C0008:
0061 900000      R     MOV     DPTR,#nPt100Cunt
0064 E0                MOVX    A,@DPTR
0065 FF                MOV     R7,A
0066 33                RLC     A
0067 95E0              SUBB    A,ACC
0069 FE                MOV     R6,A
006A C3                CLR     C
006B EF                MOV     A,R7
006C 9420              SUBB    A,#020H
006E EE                MOV     A,R6
006F 6480              XRL     A,#080H
0071 9480              SUBB    A,#080H
0073 5023              JNC     ?C0009
                                           ; SOURCE LINE # 56
0075 900000      R     MOV     DPTR,#nPt100Index
0078 E0                MOVX    A,@DPTR
0079 FB                MOV     R3,A
007A A3                INC     DPTR
007B E0                MOVX    A,@DPTR
007C FA                MOV     R2,A
007D A3                INC     DPTR
007E E0                MOVX    A,@DPTR
007F F9                MOV     R1,A
0080 900000      R     MOV     DPTR,#nPt100Cunt
0083 E0                MOVX    A,@DPTR
0084 33                RLC     A
0085 95E0              SUBB    A,ACC
0087 8F82              MOV     DPL,R7
0089 F583              MOV     DPH,A
008B 7463              MOV     A,#063H
008D 120000      E     LCALL   ?C?CSTOPTR
                                           ; SOURCE LINE # 57
C51 COMPILER V9.60.0.0   PC                                                                05/06/2023 12:12:06 PAGE 9   

0090 900000      R     MOV     DPTR,#nPt100Cunt
0093 E0                MOVX    A,@DPTR
0094 04                INC     A
0095 F0                MOVX    @DPTR,A
0096 80C9              SJMP    ?C0008
0098         ?C0009:
                                           ; SOURCE LINE # 59
0098 7B01              MOV     R3,#01H
009A 7A00        E     MOV     R2,#HIGH nRecieveData
009C 7900        E     MOV     R1,#LOW nRecieveData
009E 900000      E     MOV     DPTR,#?_strstr?BYTE+03H
00A1 74FF              MOV     A,#0FFH
00A3 F0                MOVX    @DPTR,A
00A4 A3                INC     DPTR
00A5 7400        R     MOV     A,#HIGH ?SC_0
00A7 F0                MOVX    @DPTR,A
00A8 A3                INC     DPTR
00A9 7400        R     MOV     A,#LOW ?SC_0
00AB F0                MOVX    @DPTR,A
00AC 120000      E     LCALL   _strstr
00AF EB                MOV     A,R3
00B0 8A83              MOV     DPH,R2
00B2 8982              MOV     DPL,R1
00B4 7B00              MOV     R3,#00H
00B6 7A00              MOV     R2,#00H
00B8 7900              MOV     R1,#00H
00BA 7006              JNZ     ?C0065
00BC E582              MOV     A,DPL
00BE 7002              JNZ     ?C0065
00C0 E583              MOV     A,DPH
00C2         ?C0065:
00C2 702C              JNZ     ?C0012
00C4 7B01              MOV     R3,#01H
00C6 7A00        E     MOV     R2,#HIGH nRecieveData
00C8 7900        E     MOV     R1,#LOW nRecieveData
00CA 900000      E     MOV     DPTR,#?_strstr?BYTE+03H
00CD 74FF              MOV     A,#0FFH
00CF F0                MOVX    @DPTR,A
00D0 A3                INC     DPTR
00D1 7400        R     MOV     A,#HIGH ?SC_5
00D3 F0                MOVX    @DPTR,A
00D4 A3                INC     DPTR
00D5 7400        R     MOV     A,#LOW ?SC_5
00D7 F0                MOVX    @DPTR,A
00D8 120000      E     LCALL   _strstr
00DB EB                MOV     A,R3
00DC 8A83              MOV     DPH,R2
00DE 8982              MOV     DPL,R1
00E0 7B00              MOV     R3,#00H
00E2 7A00              MOV     R2,#00H
00E4 7900              MOV     R1,#00H
00E6 7006              JNZ     ?C0066
00E8 E582              MOV     A,DPL
00EA 7002              JNZ     ?C0066
00EC E583              MOV     A,DPH
00EE         ?C0066:
00EE 6016              JZ      ?C0011
00F0         ?C0012:
                                           ; SOURCE LINE # 60
00F0 900000      R     MOV     DPTR,#nPackageType
00F3 E0                MOVX    A,@DPTR
00F4 FB                MOV     R3,A
C51 COMPILER V9.60.0.0   PC                                                                05/06/2023 12:12:06 PAGE 10  

00F5 A3                INC     DPTR
00F6 E0                MOVX    A,@DPTR
00F7 FA                MOV     R2,A
00F8 A3                INC     DPTR
00F9 E0                MOVX    A,@DPTR
00FA F9                MOV     R1,A
00FB 120000      E     LCALL   ?C?CLDPTR
00FE 4407              ORL     A,#07H
0100 120000      E     LCALL   ?C?CSTPTR
                                           ; SOURCE LINE # 61
0103 020000      R     LJMP    ?C0013
0106         ?C0011:
                                           ; SOURCE LINE # 63
0106 7B01              MOV     R3,#01H
0108 7A00        E     MOV     R2,#HIGH nRecieveData
010A 7900        E     MOV     R1,#LOW nRecieveData
010C 900000      E     MOV     DPTR,#?_strstr?BYTE+03H
010F 74FF              MOV     A,#0FFH
0111 F0                MOVX    @DPTR,A
0112 A3                INC     DPTR
0113 7400        R     MOV     A,#HIGH ?SC_10
0115 F0                MOVX    @DPTR,A
0116 A3                INC     DPTR
0117 7400        R     MOV     A,#LOW ?SC_10
0119 F0                MOVX    @DPTR,A
011A 120000      E     LCALL   _strstr
011D EB                MOV     A,R3
011E 8A83              MOV     DPH,R2
0120 8982              MOV     DPL,R1
0122 7B00              MOV     R3,#00H
0124 7A00              MOV     R2,#00H
0126 7900              MOV     R1,#00H
0128 7006              JNZ     ?C0067
012A E582              MOV     A,DPL
012C 7002              JNZ     ?C0067
012E E583              MOV     A,DPH
0130         ?C0067:
0130 702C              JNZ     ?C0015
0132 7B01              MOV     R3,#01H
0134 7A00        E     MOV     R2,#HIGH nRecieveData
0136 7900        E     MOV     R1,#LOW nRecieveData
0138 900000      E     MOV     DPTR,#?_strstr?BYTE+03H
013B 74FF              MOV     A,#0FFH
013D F0                MOVX    @DPTR,A
013E A3                INC     DPTR
013F 7400        R     MOV     A,#HIGH ?SC_15
0141 F0                MOVX    @DPTR,A
0142 A3                INC     DPTR
0143 7400        R     MOV     A,#LOW ?SC_15
0145 F0                MOVX    @DPTR,A
0146 120000      E     LCALL   _strstr
0149 EB                MOV     A,R3
014A 8A83              MOV     DPH,R2
014C 8982              MOV     DPL,R1
014E 7B00              MOV     R3,#00H
0150 7A00              MOV     R2,#00H
0152 7900              MOV     R1,#00H
0154 7006              JNZ     ?C0068
0156 E582              MOV     A,DPL
0158 7002              JNZ     ?C0068
015A E583              MOV     A,DPH
015C         ?C0068:
C51 COMPILER V9.60.0.0   PC                                                                05/06/2023 12:12:06 PAGE 11  

015C 6016              JZ      ?C0014
015E         ?C0015:
                                           ; SOURCE LINE # 64
015E 900000      R     MOV     DPTR,#nPackageType
0161 E0                MOVX    A,@DPTR
0162 FB                MOV     R3,A
0163 A3                INC     DPTR
0164 E0                MOVX    A,@DPTR
0165 FA                MOV     R2,A
0166 A3                INC     DPTR
0167 E0                MOVX    A,@DPTR
0168 F9                MOV     R1,A
0169 120000      E     LCALL   ?C?CLDPTR
016C 4406              ORL     A,#06H
016E 120000      E     LCALL   ?C?CSTPTR
                                           ; SOURCE LINE # 65
0171 020000      R     LJMP    ?C0013
0174         ?C0014:
                                           ; SOURCE LINE # 67
0174 7B01              MOV     R3,#01H
0176 7A00        E     MOV     R2,#HIGH nRecieveData
0178 7900        E     MOV     R1,#LOW nRecieveData
017A 900000      E     MOV     DPTR,#?_strstr?BYTE+03H
017D 74FF              MOV     A,#0FFH
017F F0                MOVX    @DPTR,A
0180 A3                INC     DPTR
0181 7400        R     MOV     A,#HIGH ?SC_20
0183 F0                MOVX    @DPTR,A
0184 A3                INC     DPTR
0185 7400        R     MOV     A,#LOW ?SC_20
0187 F0                MOVX    @DPTR,A
0188 120000      E     LCALL   _strstr
018B EB                MOV     A,R3
018C 8A83              MOV     DPH,R2
018E 8982              MOV     DPL,R1
0190 7B00              MOV     R3,#00H
0192 7A00              MOV     R2,#00H
0194 7900              MOV     R1,#00H
0196 7006              JNZ     ?C0069
0198 E582              MOV     A,DPL
019A 7002              JNZ     ?C0069
019C E583              MOV     A,DPH
019E         ?C0069:
019E 702C              JNZ     ?C0018
01A0 7B01              MOV     R3,#01H
01A2 7A00        E     MOV     R2,#HIGH nRecieveData
01A4 7900        E     MOV     R1,#LOW nRecieveData
01A6 900000      E     MOV     DPTR,#?_strstr?BYTE+03H
01A9 74FF              MOV     A,#0FFH
01AB F0                MOVX    @DPTR,A
01AC A3                INC     DPTR
01AD 7400        R     MOV     A,#HIGH ?SC_26
01AF F0                MOVX    @DPTR,A
01B0 A3                INC     DPTR
01B1 7400        R     MOV     A,#LOW ?SC_26
01B3 F0                MOVX    @DPTR,A
01B4 120000      E     LCALL   _strstr
01B7 EB                MOV     A,R3
01B8 8A83              MOV     DPH,R2
01BA 8982              MOV     DPL,R1
01BC 7B00              MOV     R3,#00H
01BE 7A00              MOV     R2,#00H
C51 COMPILER V9.60.0.0   PC                                                                05/06/2023 12:12:06 PAGE 12  

01C0 7900              MOV     R1,#00H
01C2 7006              JNZ     ?C0070
01C4 E582              MOV     A,DPL
01C6 7002              JNZ     ?C0070
01C8 E583              MOV     A,DPH
01CA         ?C0070:
01CA 6015              JZ      ?C0017
01CC         ?C0018:
                                           ; SOURCE LINE # 68
01CC 900000      R     MOV     DPTR,#nPackageType
01CF E0                MOVX    A,@DPTR
01D0 FB                MOV     R3,A
01D1 A3                INC     DPTR
01D2 E0                MOVX    A,@DPTR
01D3 FA                MOV     R2,A
01D4 A3                INC     DPTR
01D5 E0                MOVX    A,@DPTR
01D6 F9                MOV     R1,A
01D7 120000      E     LCALL   ?C?CLDPTR
01DA 4405              ORL     A,#05H
01DC 120000      E     LCALL   ?C?CSTPTR
                                           ; SOURCE LINE # 69
01DF 8013              SJMP    ?C0013
01E1         ?C0017:
                                           ; SOURCE LINE # 71
                                           ; SOURCE LINE # 72
01E1 900000      R     MOV     DPTR,#nPackageType
01E4 E0                MOVX    A,@DPTR
01E5 FB                MOV     R3,A
01E6 A3                INC     DPTR
01E7 E0                MOVX    A,@DPTR
01E8 FA                MOV     R2,A
01E9 A3                INC     DPTR
01EA E0                MOVX    A,@DPTR
01EB F9                MOV     R1,A
01EC 120000      E     LCALL   ?C?CLDPTR
01EF 44F0              ORL     A,#0F0H
01F1 120000      E     LCALL   ?C?CSTPTR
                                           ; SOURCE LINE # 73
01F4         ?C0013:
                                           ; SOURCE LINE # 75
01F4 7B01              MOV     R3,#01H
01F6 7A00        E     MOV     R2,#HIGH nRecieveData
01F8 7900        E     MOV     R1,#LOW nRecieveData
01FA 900000      E     MOV     DPTR,#?_strstr?BYTE+03H
01FD 74FF              MOV     A,#0FFH
01FF F0                MOVX    @DPTR,A
0200 A3                INC     DPTR
0201 7400        R     MOV     A,#HIGH ?SC_32
0203 F0                MOVX    @DPTR,A
0204 A3                INC     DPTR
0205 7400        R     MOV     A,#LOW ?SC_32
0207 F0                MOVX    @DPTR,A
0208 120000      E     LCALL   _strstr
020B EB                MOV     A,R3
020C 8A83              MOV     DPH,R2
020E 8982              MOV     DPL,R1
0210 7B00              MOV     R3,#00H
0212 7A00              MOV     R2,#00H
0214 7900              MOV     R1,#00H
0216 7006              JNZ     ?C0071
0218 E582              MOV     A,DPL
C51 COMPILER V9.60.0.0   PC                                                                05/06/2023 12:12:06 PAGE 13  

021A 7002              JNZ     ?C0071
021C E583              MOV     A,DPH
021E         ?C0071:
021E 6016              JZ      ?C0020
                                           ; SOURCE LINE # 76
0220 900000      R     MOV     DPTR,#nPackageType
0223 E0                MOVX    A,@DPTR
0224 FB                MOV     R3,A
0225 A3                INC     DPTR
0226 E0                MOVX    A,@DPTR
0227 FA                MOV     R2,A
0228 A3                INC     DPTR
0229 E0                MOVX    A,@DPTR
022A F9                MOV     R1,A
022B 120000      E     LCALL   ?C?CLDPTR
022E 4470              ORL     A,#070H
0230 120000      E     LCALL   ?C?CSTPTR
                                           ; SOURCE LINE # 77
0233 020000      R     LJMP    ?C0021
0236         ?C0020:
                                           ; SOURCE LINE # 79
0236 7B01              MOV     R3,#01H
0238 7A00        E     MOV     R2,#HIGH nRecieveData
023A 7900        E     MOV     R1,#LOW nRecieveData
023C 900000      E     MOV     DPTR,#?_strstr?BYTE+03H
023F 74FF              MOV     A,#0FFH
0241 F0                MOVX    @DPTR,A
0242 A3                INC     DPTR
0243 7400        R     MOV     A,#HIGH ?SC_37
0245 F0                MOVX    @DPTR,A
0246 A3                INC     DPTR
0247 7400        R     MOV     A,#LOW ?SC_37
0249 F0                MOVX    @DPTR,A
024A 120000      E     LCALL   _strstr
024D EB                MOV     A,R3
024E 8A83              MOV     DPH,R2
0250 8982              MOV     DPL,R1
0252 7B00              MOV     R3,#00H
0254 7A00              MOV     R2,#00H
0256 7900              MOV     R1,#00H
0258 7006              JNZ     ?C0072
025A E582              MOV     A,DPL
025C 7002              JNZ     ?C0072
025E E583              MOV     A,DPH
0260         ?C0072:
0260 702C              JNZ     ?C0023
0262 7B01              MOV     R3,#01H
0264 7A00        E     MOV     R2,#HIGH nRecieveData
0266 7900        E     MOV     R1,#LOW nRecieveData
0268 900000      E     MOV     DPTR,#?_strstr?BYTE+03H
026B 74FF              MOV     A,#0FFH
026D F0                MOVX    @DPTR,A
026E A3                INC     DPTR
026F 7400        R     MOV     A,#HIGH ?SC_42
0271 F0                MOVX    @DPTR,A
0272 A3                INC     DPTR
0273 7400        R     MOV     A,#LOW ?SC_42
0275 F0                MOVX    @DPTR,A
0276 120000      E     LCALL   _strstr
0279 EB                MOV     A,R3
027A 8A83              MOV     DPH,R2
027C 8982              MOV     DPL,R1
C51 COMPILER V9.60.0.0   PC                                                                05/06/2023 12:12:06 PAGE 14  

027E 7B00              MOV     R3,#00H
0280 7A00              MOV     R2,#00H
0282 7900              MOV     R1,#00H
0284 7006              JNZ     ?C0073
0286 E582              MOV     A,DPL
0288 7002              JNZ     ?C0073
028A E583              MOV     A,DPH
028C         ?C0073:
028C 6015              JZ      ?C0022
028E         ?C0023:
                                           ; SOURCE LINE # 80
028E 900000      R     MOV     DPTR,#nPackageType
0291 E0                MOVX    A,@DPTR
0292 FB                MOV     R3,A
0293 A3                INC     DPTR
0294 E0                MOVX    A,@DPTR
0295 FA                MOV     R2,A
0296 A3                INC     DPTR
0297 E0                MOVX    A,@DPTR
0298 F9                MOV     R1,A
0299 120000      E     LCALL   ?C?CLDPTR
029C 4460              ORL     A,#060H
029E 120000      E     LCALL   ?C?CSTPTR
                                           ; SOURCE LINE # 81
02A1 8013              SJMP    ?C0021
02A3         ?C0022:
                                           ; SOURCE LINE # 83
                                           ; SOURCE LINE # 84
02A3 900000      R     MOV     DPTR,#nPackageType
02A6 E0                MOVX    A,@DPTR
02A7 FB                MOV     R3,A
02A8 A3                INC     DPTR
02A9 E0                MOVX    A,@DPTR
02AA FA                MOV     R2,A
02AB A3                INC     DPTR
02AC E0                MOVX    A,@DPTR
02AD F9                MOV     R1,A
02AE 120000      E     LCALL   ?C?CLDPTR
02B1 440F              ORL     A,#0FH
02B3 120000      E     LCALL   ?C?CSTPTR
                                           ; SOURCE LINE # 85
02B6         ?C0021:
                                           ; SOURCE LINE # 88
02B6 7E00              MOV     R6,#00H
02B8 7F0A              MOV     R7,#0AH
02BA 7D00              MOV     R5,#00H
02BC 7B01              MOV     R3,#01H
02BE 7A00        R     MOV     R2,#HIGH nTempRxData
02C0 7900        R     MOV     R1,#LOW nTempRxData
02C2 120000      E     LCALL   ?C?MEMSET
                                           ; SOURCE LINE # 89
02C5 E4                CLR     A
02C6 900000      R     MOV     DPTR,#nCunt
02C9 F0                MOVX    @DPTR,A
02CA         ?C0025:
                                           ; SOURCE LINE # 90
                                           ; SOURCE LINE # 91
02CA 900000      R     MOV     DPTR,#nCunt
02CD E0                MOVX    A,@DPTR
02CE 2400        E     ADD     A,#LOW nRecieveData
02D0 F582              MOV     DPL,A
02D2 E4                CLR     A
C51 COMPILER V9.60.0.0   PC                                                                05/06/2023 12:12:06 PAGE 15  

02D3 3400        E     ADDC    A,#HIGH nRecieveData
02D5 F583              MOV     DPH,A
02D7 E0                MOVX    A,@DPTR
02D8 B42C08            CJNE    A,#02CH,?C0027
                                           ; SOURCE LINE # 92
02DB 900000      R     MOV     DPTR,#nCunt
02DE E0                MOVX    A,@DPTR
02DF 04                INC     A
02E0 F0                MOVX    @DPTR,A
                                           ; SOURCE LINE # 93
02E1 8008              SJMP    ?C0028
                                           ; SOURCE LINE # 94
02E3         ?C0027:
                                           ; SOURCE LINE # 95
02E3 900000      R     MOV     DPTR,#nCunt
02E6 E0                MOVX    A,@DPTR
02E7 04                INC     A
02E8 F0                MOVX    @DPTR,A
                                           ; SOURCE LINE # 96
02E9 80DF              SJMP    ?C0025
02EB         ?C0028:
                                           ; SOURCE LINE # 98
                                           ; SOURCE LINE # 99
02EB 900000      R     MOV     DPTR,#nCunt
02EE E0                MOVX    A,@DPTR
02EF 2400        E     ADD     A,#LOW nRecieveData
02F1 F582              MOV     DPL,A
02F3 E4                CLR     A
02F4 3400        E     ADDC    A,#HIGH nRecieveData
02F6 F583              MOV     DPH,A
02F8 E0                MOVX    A,@DPTR
02F9 B42C08            CJNE    A,#02CH,?C0030
                                           ; SOURCE LINE # 100
02FC 900000      R     MOV     DPTR,#nCunt
02FF E0                MOVX    A,@DPTR
0300 04                INC     A
0301 F0                MOVX    @DPTR,A
                                           ; SOURCE LINE # 101
0302 8008              SJMP    ?C0029
                                           ; SOURCE LINE # 102
0304         ?C0030:
                                           ; SOURCE LINE # 103
0304 900000      R     MOV     DPTR,#nCunt
0307 E0                MOVX    A,@DPTR
0308 04                INC     A
0309 F0                MOVX    @DPTR,A
                                           ; SOURCE LINE # 104
030A 80DF              SJMP    ?C0028
030C         ?C0029:
                                           ; SOURCE LINE # 106
030C E4                CLR     A
030D 900000      R     MOV     DPTR,#nPt100Cunt
0310 F0                MOVX    @DPTR,A
0311         ?C0031:
0311 900000      R     MOV     DPTR,#nPt100Cunt
0314 E0                MOVX    A,@DPTR
0315 FF                MOV     R7,A
0316 33                RLC     A
0317 95E0              SUBB    A,ACC
0319 FE                MOV     R6,A
031A C3                CLR     C
031B EF                MOV     A,R7
C51 COMPILER V9.60.0.0   PC                                                                05/06/2023 12:12:06 PAGE 16  

031C 9420              SUBB    A,#020H
031E EE                MOV     A,R6
031F 6480              XRL     A,#080H
0321 9480              SUBB    A,#080H
0323 4003              JC      $ + 5H
0325 020000      R     LJMP    ?C0041
                                           ; SOURCE LINE # 107
0328 7E00              MOV     R6,#00H
032A 7F0A              MOV     R7,#0AH
032C 7D00              MOV     R5,#00H
032E 7B01              MOV     R3,#01H
0330 7A00        R     MOV     R2,#HIGH nTempRxData
0332 7900        R     MOV     R1,#LOW nTempRxData
0334 120000      E     LCALL   ?C?MEMSET
                                           ; SOURCE LINE # 109
0337 E4                CLR     A
0338 900000      R     MOV     DPTR,#nBitCunt
033B F0                MOVX    @DPTR,A
033C         ?C0034:
                                           ; SOURCE LINE # 110
                                           ; SOURCE LINE # 111
033C 900000      R     MOV     DPTR,#nCunt
033F E0                MOVX    A,@DPTR
0340 2400        E     ADD     A,#LOW nRecieveData
0342 F582              MOV     DPL,A
0344 E4                CLR     A
0345 3400        E     ADDC    A,#HIGH nRecieveData
0347 F583              MOV     DPH,A
0349 E0                MOVX    A,@DPTR
034A 642C              XRL     A,#02CH
034C 6044              JZ      ?C0035
034E 900000      R     MOV     DPTR,#nCunt
0351 E0                MOVX    A,@DPTR
0352 2400        E     ADD     A,#LOW nRecieveData
0354 F582              MOV     DPL,A
0356 E4                CLR     A
0357 3400        E     ADDC    A,#HIGH nRecieveData
0359 F583              MOV     DPH,A
035B E0                MOVX    A,@DPTR
035C 6440              XRL     A,#040H
035E 6032              JZ      ?C0035
                                           ; SOURCE LINE # 112
                                           ; SOURCE LINE # 114
                                           ; SOURCE LINE # 115
0360 900000      R     MOV     DPTR,#nCunt
0363 E0                MOVX    A,@DPTR
0364 2400        E     ADD     A,#LOW nRecieveData
0366 F582              MOV     DPL,A
0368 E4                CLR     A
0369 3400        E     ADDC    A,#HIGH nRecieveData
036B F583              MOV     DPH,A
036D E0                MOVX    A,@DPTR
036E FF                MOV     R7,A
036F 900000      R     MOV     DPTR,#nBitCunt
0372 E0                MOVX    A,@DPTR
0373 FD                MOV     R5,A
0374 33                RLC     A
0375 95E0              SUBB    A,ACC
0377 FC                MOV     R4,A
0378 7400        R     MOV     A,#LOW nTempRxData
037A 2D                ADD     A,R5
037B F582              MOV     DPL,A
C51 COMPILER V9.60.0.0   PC                                                                05/06/2023 12:12:06 PAGE 17  

037D 7400        R     MOV     A,#HIGH nTempRxData
037F 3C                ADDC    A,R4
0380 F583              MOV     DPH,A
0382 EF                MOV     A,R7
0383 F0                MOVX    @DPTR,A
                                           ; SOURCE LINE # 116
0384 900000      R     MOV     DPTR,#nBitCunt
0387 E0                MOVX    A,@DPTR
0388 04                INC     A
0389 F0                MOVX    @DPTR,A
                                           ; SOURCE LINE # 117
038A 900000      R     MOV     DPTR,#nCunt
038D E0                MOVX    A,@DPTR
038E 04                INC     A
038F F0                MOVX    @DPTR,A
                                           ; SOURCE LINE # 118
                                           ; SOURCE LINE # 119
0390 80AA              SJMP    ?C0034
0392         ?C0035:
                                           ; SOURCE LINE # 121
0392 7B01              MOV     R3,#01H
0394 7A00        R     MOV     R2,#HIGH nTempRxData
0396 7900        R     MOV     R1,#LOW nTempRxData
0398 120000      E     LCALL   _atoi
039B EF                MOV     A,R7
039C 14                DEC     A
039D FF                MOV     R7,A
039E 900000      R     MOV     DPTR,#nPt100Index
03A1 E0                MOVX    A,@DPTR
03A2 FB                MOV     R3,A
03A3 A3                INC     DPTR
03A4 E0                MOVX    A,@DPTR
03A5 FA                MOV     R2,A
03A6 A3                INC     DPTR
03A7 E0                MOVX    A,@DPTR
03A8 F9                MOV     R1,A
03A9 900000      R     MOV     DPTR,#nPt100Cunt
03AC E0                MOVX    A,@DPTR
03AD FD                MOV     R5,A
03AE 33                RLC     A
03AF 95E0              SUBB    A,ACC
03B1 8D82              MOV     DPL,R5
03B3 F583              MOV     DPH,A
03B5 EF                MOV     A,R7
03B6 120000      E     LCALL   ?C?CSTOPTR
                                           ; SOURCE LINE # 122
03B9 900000      R     MOV     DPTR,#nCunt
03BC E0                MOVX    A,@DPTR
03BD 2400        E     ADD     A,#LOW nRecieveData
03BF F582              MOV     DPL,A
03C1 E4                CLR     A
03C2 3400        E     ADDC    A,#HIGH nRecieveData
03C4 F583              MOV     DPH,A
03C6 E0                MOVX    A,@DPTR
03C7 6440              XRL     A,#040H
03C9 600F              JZ      ?C0041
                                           ; SOURCE LINE # 123
                                           ; SOURCE LINE # 124
                                           ; SOURCE LINE # 126
                                           ; SOURCE LINE # 127
03CB 900000      R     MOV     DPTR,#nCunt
03CE E0                MOVX    A,@DPTR
C51 COMPILER V9.60.0.0   PC                                                                05/06/2023 12:12:06 PAGE 18  

03CF 04                INC     A
03D0 F0                MOVX    @DPTR,A
                                           ; SOURCE LINE # 128
                                           ; SOURCE LINE # 129
03D1 900000      R     MOV     DPTR,#nPt100Cunt
03D4 E0                MOVX    A,@DPTR
03D5 04                INC     A
03D6 F0                MOVX    @DPTR,A
03D7 020000      R     LJMP    ?C0031
                                           ; SOURCE LINE # 130
03DA         ?C0041:
03DA 22                RET     
             ; FUNCTION _ReadTC18B20PackageAndUsePt100Index (END)

             ; FUNCTION ReadTrimmingDataFromPC (BEGIN)
                                           ; SOURCE LINE # 132
                                           ; SOURCE LINE # 133
                                           ; SOURCE LINE # 135
0000 E4                CLR     A
0001 900000      R     MOV     DPTR,#nCuntA
0004 F0                MOVX    @DPTR,A
0005 A3                INC     DPTR
0006 F0                MOVX    @DPTR,A
                                           ; SOURCE LINE # 137
0007 7D07              MOV     R5,#07H
0009 FF                MOV     R7,A
000A 120000      E     LCALL   _UsartInit
                                           ; SOURCE LINE # 139
000D E4                CLR     A
000E 900000      R     MOV     DPTR,#nCunt
0011 F0                MOVX    @DPTR,A
                                           ; SOURCE LINE # 140
0012 C298              CLR     RI
0014         ?C0042:
                                           ; SOURCE LINE # 141
                                           ; SOURCE LINE # 142
0014 3098FD            JNB     RI,?C0042
                                           ; SOURCE LINE # 143
0017 C298              CLR     RI
                                           ; SOURCE LINE # 145
0019 900000      R     MOV     DPTR,#nCunt
001C E0                MOVX    A,@DPTR
001D 2400        E     ADD     A,#LOW nRecieveData
001F F582              MOV     DPL,A
0021 E4                CLR     A
0022 3400        E     ADDC    A,#HIGH nRecieveData
0024 F583              MOV     DPH,A
0026 E599              MOV     A,SBUF
0028 F0                MOVX    @DPTR,A
                                           ; SOURCE LINE # 146
0029 900000      R     MOV     DPTR,#nCunt
002C E0                MOVX    A,@DPTR
002D 2400        E     ADD     A,#LOW nRecieveData
002F F582              MOV     DPL,A
0031 E4                CLR     A
0032 3400        E     ADDC    A,#HIGH nRecieveData
0034 F583              MOV     DPH,A
0036 E0                MOVX    A,@DPTR
0037 6440              XRL     A,#040H
0039 6008              JZ      ?C0043
                                           ; SOURCE LINE # 147
                                           ; SOURCE LINE # 148
C51 COMPILER V9.60.0.0   PC                                                                05/06/2023 12:12:06 PAGE 19  

                                           ; SOURCE LINE # 150
003B 900000      R     MOV     DPTR,#nCunt
003E E0                MOVX    A,@DPTR
003F 04                INC     A
0040 F0                MOVX    @DPTR,A
                                           ; SOURCE LINE # 151
                                           ; SOURCE LINE # 152
0041 80D1              SJMP    ?C0042
0043         ?C0043:
                                           ; SOURCE LINE # 153
0043 7B01              MOV     R3,#01H
0045 7A00        E     MOV     R2,#HIGH nRecieveData
0047 7900        E     MOV     R1,#LOW nRecieveData
0049 900000      E     MOV     DPTR,#?_strstr?BYTE+03H
004C 74FF              MOV     A,#0FFH
004E F0                MOVX    @DPTR,A
004F A3                INC     DPTR
0050 7400        R     MOV     A,#HIGH ?SC_45
0052 F0                MOVX    @DPTR,A
0053 A3                INC     DPTR
0054 7400        R     MOV     A,#LOW ?SC_45
0056 F0                MOVX    @DPTR,A
0057 120000      E     LCALL   _strstr
005A EB                MOV     A,R3
005B 8A83              MOV     DPH,R2
005D 8982              MOV     DPL,R1
005F 7B00              MOV     R3,#00H
0061 7A00              MOV     R2,#00H
0063 7900              MOV     R1,#00H
0065 7006              JNZ     ?C0074
0067 E582              MOV     A,DPL
0069 7002              JNZ     ?C0074
006B E583              MOV     A,DPH
006D         ?C0074:
006D 6011              JZ      ?C0046
                                           ; SOURCE LINE # 154
006F 900000      R     MOV     DPTR,#Version
0072 7401              MOV     A,#01H
0074 F0                MOVX    @DPTR,A
                                           ; SOURCE LINE # 155
0075 7BFF              MOV     R3,#0FFH
0077 7A00        R     MOV     R2,#HIGH ?SC_47
0079 7900        R     MOV     R1,#LOW ?SC_47
007B 120000      R     LCALL   _SendStringDataToPC
                                           ; SOURCE LINE # 156
007E 803B              SJMP    ?C0047
0080         ?C0046:
                                           ; SOURCE LINE # 157
0080 7B01              MOV     R3,#01H
0082 7A00        E     MOV     R2,#HIGH nRecieveData
0084 7900        E     MOV     R1,#LOW nRecieveData
0086 900000      E     MOV     DPTR,#?_strstr?BYTE+03H
0089 74FF              MOV     A,#0FFH
008B F0                MOVX    @DPTR,A
008C A3                INC     DPTR
008D 7400        R     MOV     A,#HIGH ?SC_81
008F F0                MOVX    @DPTR,A
0090 A3                INC     DPTR
0091 7400        R     MOV     A,#LOW ?SC_81
0093 F0                MOVX    @DPTR,A
0094 120000      E     LCALL   _strstr
0097 EB                MOV     A,R3
C51 COMPILER V9.60.0.0   PC                                                                05/06/2023 12:12:06 PAGE 20  

0098 8A83              MOV     DPH,R2
009A 8982              MOV     DPL,R1
009C 7B00              MOV     R3,#00H
009E 7A00              MOV     R2,#00H
00A0 7900              MOV     R1,#00H
00A2 7006              JNZ     ?C0075
00A4 E582              MOV     A,DPL
00A6 7002              JNZ     ?C0075
00A8 E583              MOV     A,DPH
00AA         ?C0075:
00AA 600F              JZ      ?C0047
                                           ; SOURCE LINE # 158
00AC 900000      R     MOV     DPTR,#Version
00AF 7402              MOV     A,#02H
00B1 F0                MOVX    @DPTR,A
                                           ; SOURCE LINE # 159
00B2 7BFF              MOV     R3,#0FFH
00B4 7A00        R     MOV     R2,#HIGH ?SC_83
00B6 7900        R     MOV     R1,#LOW ?SC_83
00B8 120000      R     LCALL   _SendStringDataToPC
                                           ; SOURCE LINE # 160
00BB         ?C0047:
                                           ; SOURCE LINE # 161
00BB 7E00              MOV     R6,#00H
00BD 7F0A              MOV     R7,#0AH
00BF 7D00              MOV     R5,#00H
00C1 7B01              MOV     R3,#01H
00C3 7A00        R     MOV     R2,#HIGH nTempRxData
00C5 7900        R     MOV     R1,#LOW nTempRxData
00C7 120000      E     LCALL   ?C?MEMSET
                                           ; SOURCE LINE # 162
00CA E4                CLR     A
00CB 900000      R     MOV     DPTR,#nCunt
00CE F0                MOVX    @DPTR,A
00CF         ?C0049:
                                           ; SOURCE LINE # 163
                                           ; SOURCE LINE # 164
00CF 900000      R     MOV     DPTR,#nCunt
00D2 E0                MOVX    A,@DPTR
00D3 2400        E     ADD     A,#LOW nRecieveData
00D5 F582              MOV     DPL,A
00D7 E4                CLR     A
00D8 3400        E     ADDC    A,#HIGH nRecieveData
00DA F583              MOV     DPH,A
00DC E0                MOVX    A,@DPTR
00DD B42308            CJNE    A,#023H,?C0051
                                           ; SOURCE LINE # 165
00E0 900000      R     MOV     DPTR,#nCunt
00E3 E0                MOVX    A,@DPTR
00E4 04                INC     A
00E5 F0                MOVX    @DPTR,A
                                           ; SOURCE LINE # 166
00E6 8008              SJMP    ?C0050
                                           ; SOURCE LINE # 167
00E8         ?C0051:
                                           ; SOURCE LINE # 168
00E8 900000      R     MOV     DPTR,#nCunt
00EB E0                MOVX    A,@DPTR
00EC 04                INC     A
00ED F0                MOVX    @DPTR,A
                                           ; SOURCE LINE # 169
00EE 80DF              SJMP    ?C0049
C51 COMPILER V9.60.0.0   PC                                                                05/06/2023 12:12:06 PAGE 21  

00F0         ?C0050:
                                           ; SOURCE LINE # 171
00F0 E4                CLR     A
00F1 900000      R     MOV     DPTR,#nCuntA
00F4 F0                MOVX    @DPTR,A
00F5         ?C0052:
00F5 900000      R     MOV     DPTR,#nCuntA
00F8 E0                MOVX    A,@DPTR
00F9 FF                MOV     R7,A
00FA 33                RLC     A
00FB 95E0              SUBB    A,ACC
00FD FE                MOV     R6,A
00FE C3                CLR     C
00FF EF                MOV     A,R7
0100 9402              SUBB    A,#02H
0102 EE                MOV     A,R6
0103 6480              XRL     A,#080H
0105 9480              SUBB    A,#080H
0107 4003              JC      $ + 5H
0109 020000      R     LJMP    ?C0064
                                           ; SOURCE LINE # 172
010C 7E00              MOV     R6,#00H
010E 7F0A              MOV     R7,#0AH
0110 7D00              MOV     R5,#00H
0112 7B01              MOV     R3,#01H
0114 7A00        R     MOV     R2,#HIGH nTempRxData
0116 7900        R     MOV     R1,#LOW nTempRxData
0118 120000      E     LCALL   ?C?MEMSET
                                           ; SOURCE LINE # 174
011B E4                CLR     A
011C 900000      R     MOV     DPTR,#nBitCunt
011F F0                MOVX    @DPTR,A
0120         ?C0055:
                                           ; SOURCE LINE # 175
                                           ; SOURCE LINE # 176
0120 900000      R     MOV     DPTR,#nCunt
0123 E0                MOVX    A,@DPTR
0124 2400        E     ADD     A,#LOW nRecieveData
0126 F582              MOV     DPL,A
0128 E4                CLR     A
0129 3400        E     ADDC    A,#HIGH nRecieveData
012B F583              MOV     DPH,A
012D E0                MOVX    A,@DPTR
012E 642C              XRL     A,#02CH
0130 6044              JZ      ?C0056
0132 900000      R     MOV     DPTR,#nCunt
0135 E0                MOVX    A,@DPTR
0136 2400        E     ADD     A,#LOW nRecieveData
0138 F582              MOV     DPL,A
013A E4                CLR     A
013B 3400        E     ADDC    A,#HIGH nRecieveData
013D F583              MOV     DPH,A
013F E0                MOVX    A,@DPTR
0140 6440              XRL     A,#040H
0142 6032              JZ      ?C0056
                                           ; SOURCE LINE # 177
                                           ; SOURCE LINE # 179
                                           ; SOURCE LINE # 180
0144 900000      R     MOV     DPTR,#nCunt
0147 E0                MOVX    A,@DPTR
0148 2400        E     ADD     A,#LOW nRecieveData
014A F582              MOV     DPL,A
C51 COMPILER V9.60.0.0   PC                                                                05/06/2023 12:12:06 PAGE 22  

014C E4                CLR     A
014D 3400        E     ADDC    A,#HIGH nRecieveData
014F F583              MOV     DPH,A
0151 E0                MOVX    A,@DPTR
0152 FF                MOV     R7,A
0153 900000      R     MOV     DPTR,#nBitCunt
0156 E0                MOVX    A,@DPTR
0157 FD                MOV     R5,A
0158 33                RLC     A
0159 95E0              SUBB    A,ACC
015B FC                MOV     R4,A
015C 7400        R     MOV     A,#LOW nTempRxData
015E 2D                ADD     A,R5
015F F582              MOV     DPL,A
0161 7400        R     MOV     A,#HIGH nTempRxData
0163 3C                ADDC    A,R4
0164 F583              MOV     DPH,A
0166 EF                MOV     A,R7
0167 F0                MOVX    @DPTR,A
                                           ; SOURCE LINE # 181
0168 900000      R     MOV     DPTR,#nBitCunt
016B E0                MOVX    A,@DPTR
016C 04                INC     A
016D F0                MOVX    @DPTR,A
                                           ; SOURCE LINE # 182
016E 900000      R     MOV     DPTR,#nCunt
0171 E0                MOVX    A,@DPTR
0172 04                INC     A
0173 F0                MOVX    @DPTR,A
                                           ; SOURCE LINE # 183
                                           ; SOURCE LINE # 184
0174 80AA              SJMP    ?C0055
0176         ?C0056:
                                           ; SOURCE LINE # 186
0176 7B01              MOV     R3,#01H
0178 7A00        R     MOV     R2,#HIGH nTempRxData
017A 7900        R     MOV     R1,#LOW nTempRxData
017C 120000      E     LCALL   _atoi
017F AC06              MOV     R4,AR6
0181 AD07              MOV     R5,AR7
0183 900000      R     MOV     DPTR,#nCuntA
0186 E0                MOVX    A,@DPTR
0187 FF                MOV     R7,A
0188 33                RLC     A
0189 95E0              SUBB    A,ACC
018B FE                MOV     R6,A
018C EF                MOV     A,R7
018D 25E0              ADD     A,ACC
018F FF                MOV     R7,A
0190 EE                MOV     A,R6
0191 33                RLC     A
0192 FE                MOV     R6,A
0193 7400        E     MOV     A,#LOW VBEandRotation
0195 2F                ADD     A,R7
0196 F582              MOV     DPL,A
0198 7400        E     MOV     A,#HIGH VBEandRotation
019A 3E                ADDC    A,R6
019B F583              MOV     DPH,A
019D EC                MOV     A,R4
019E F0                MOVX    @DPTR,A
019F A3                INC     DPTR
01A0 ED                MOV     A,R5
C51 COMPILER V9.60.0.0   PC                                                                05/06/2023 12:12:06 PAGE 23  

01A1 F0                MOVX    @DPTR,A
                                           ; SOURCE LINE # 188
01A2 900000      R     MOV     DPTR,#nCunt
01A5 E0                MOVX    A,@DPTR
01A6 2400        E     ADD     A,#LOW nRecieveData
01A8 F582              MOV     DPL,A
01AA E4                CLR     A
01AB 3400        E     ADDC    A,#HIGH nRecieveData
01AD F583              MOV     DPH,A
01AF E0                MOVX    A,@DPTR
01B0 6440              XRL     A,#040H
01B2 705C              JNZ     ?C0060
                                           ; SOURCE LINE # 189
01B4 7BFF              MOV     R3,#0FFH
01B6 7A00        R     MOV     R2,#HIGH ?SC_117
01B8 7900        R     MOV     R1,#LOW ?SC_117
01BA 120000      R     LCALL   _SendStringDataToPC
                                           ; SOURCE LINE # 190
01BD 900000      R     MOV     DPTR,#Version
01C0 E0                MOVX    A,@DPTR
01C1 6401              XRL     A,#01H
01C3 702B              JNZ     ?C0061
                                           ; SOURCE LINE # 191
01C5 7D07              MOV     R5,#07H
01C7 FF                MOV     R7,A
01C8 120000      E     LCALL   _UsartInit
                                           ; SOURCE LINE # 192
01CB 7BFF              MOV     R3,#0FFH
01CD 7A00        R     MOV     R2,#HIGH ?SC_122
01CF 7900        R     MOV     R1,#LOW ?SC_122
01D1 120000      R     LCALL   _SendStringDataToPC
                                           ; SOURCE LINE # 193
01D4 7B01              MOV     R3,#01H
01D6 7A00        E     MOV     R2,#HIGH VBEandRotation
01D8 7900        E     MOV     R1,#LOW VBEandRotation
01DA 900000      E     MOV     DPTR,#?_SendIntDataSelect?BYTE+04H
01DD E4                CLR     A
01DE F0                MOVX    @DPTR,A
01DF A3                INC     DPTR
01E0 04                INC     A
01E1 F0                MOVX    @DPTR,A
01E2 A3                INC     DPTR
01E3 E4                CLR     A
01E4 F0                MOVX    @DPTR,A
01E5 A3                INC     DPTR
01E6 7402              MOV     A,#02H
01E8 F0                MOVX    @DPTR,A
01E9 E4                CLR     A
01EA FF                MOV     R7,A
01EB 120000      E     LCALL   _SendIntDataSelect
                                           ; SOURCE LINE # 194
01EE 8016              SJMP    ?C0062
01F0         ?C0061:
                                           ; SOURCE LINE # 195
                                           ; SOURCE LINE # 196
01F0 7BFF              MOV     R3,#0FFH
01F2 7A00        R     MOV     R2,#HIGH ?SC_132
01F4 7900        R     MOV     R1,#LOW ?SC_132
01F6 120000      R     LCALL   _SendStringDataToPC
                                           ; SOURCE LINE # 197
01F9 7B01              MOV     R3,#01H
01FB 7A00        E     MOV     R2,#HIGH VBEandRotation
C51 COMPILER V9.60.0.0   PC                                                                05/06/2023 12:12:06 PAGE 24  

01FD 7900        E     MOV     R1,#LOW VBEandRotation
01FF 7D02              MOV     R5,#02H
0201 7C00              MOV     R4,#00H
0203 120000      R     LCALL   _SendIntDataToPC
                                           ; SOURCE LINE # 198
0206         ?C0062:
                                           ; SOURCE LINE # 199
0206 7BFF              MOV     R3,#0FFH
0208 7A00        R     MOV     R2,#HIGH ?SC_150
020A 7900        R     MOV     R1,#LOW ?SC_150
020C 120000      R     LCALL   _SendStringDataToPC
                                           ; SOURCE LINE # 200
020F 22                RET     
                                           ; SOURCE LINE # 201
0210         ?C0060:
                                           ; SOURCE LINE # 203
                                           ; SOURCE LINE # 204
0210 900000      R     MOV     DPTR,#nCunt
0213 E0                MOVX    A,@DPTR
0214 04                INC     A
0215 F0                MOVX    @DPTR,A
                                           ; SOURCE LINE # 205
                                           ; SOURCE LINE # 207
0216 900000      R     MOV     DPTR,#nCuntA
0219 E0                MOVX    A,@DPTR
021A 04                INC     A
021B F0                MOVX    @DPTR,A
021C 020000      R     LJMP    ?C0052
                                           ; SOURCE LINE # 208
021F         ?C0064:
021F 22                RET     
             ; FUNCTION ReadTrimmingDataFromPC (END)



MODULE INFORMATION:   STATIC OVERLAYABLE
   CODE SIZE        =   1669    ----
   CONSTANT SIZE    =    155    ----
   XDATA SIZE       =      2      42
   PDATA SIZE       =   ----    ----
   DATA SIZE        =   ----    ----
   IDATA SIZE       =   ----    ----
   BIT SIZE         =   ----    ----
END OF MODULE INFORMATION.


C51 COMPILATION COMPLETE.  0 WARNING(S),  0 ERROR(S)
