C51 COMPILER V9.60.0.0   18B20NEWTRIMMING                                                  05/06/2023 12:08:17 PAGE 1   


C51 COMPILER V9.60.0.0, COMPILATION OF MODULE 18B20NEWTRIMMING
OBJECT MODULE PLACED IN .\Objects\18B20NewTrimming.obj
COMPILER INVOKED BY: D:\Software\Keil\C51\BIN\C51.EXE 18B20NewTrimming.c LARGE OPTIMIZE(4,SPEED) BROWSE DEBUG OBJECTEXTE
                    -ND PRINT(.\Listings\18B20NewTrimming.lst) TABS(2) OBJECT(.\Objects\18B20NewTrimming.obj)

line level    source

   1          #include <SystemInit.h>
   2          #include <DelayTime.h>
   3          #include <RWData.h>
   4          #include <TranslateData.h>
   5          #include <string.h>
   6          #define MAXTEMPDATACUNT 10
   7          
   8          extern bit bBoardIsHere,bTestEndFlag,bRunStopFlag,bStartFlag;
   9          extern int nTargetPosition[48];
  10          extern int VBE,Rotation;
  11          extern unsigned char Version;
  12          
  13          char code nTC18B20_CDFN8_NumberInOnePt100[9][4] = { // æ¯ä¸€æ ¹PT100è¦†ç›–4é¢—TC18B20
  14            { 0, 1, 5, 6},   // ç¬¬ä¸€è·¯PT100è¦†ç›–çš„4é¢—TC18B20
  15            { 3, 4, 8, 9},   // ç¬¬äºŒè·¯PT100è¦†ç›–çš„4é¢—TC18B20
  16            {15,16,20,21},   // ç¬¬ä¸‰è·¯PT100è¦†ç›–çš„4é¢—TC18B20
  17            {18,19,23,24},   // ç¬¬å››è·¯PT100è¦†ç›–çš„4é¢—TC18B20
  18            { 2, 7,99,99},   // ç¬¬ä¸€ã€äºŒè·¯PT100è¦†ç›–çš„2é¢—TC18B20
  19            {10,11,99,99},   // ç¬¬ä¸€ã€ä¸‰è·¯PT100è¦†ç›–çš„2é¢—TC18B20
  20            {13,14,99,99},   // ç¬¬äºŒã€å››è·¯PT100è¦†ç›–çš„2é¢—TC18B20
  21            {17,22,99,99},   // ç¬¬ä¸‰ã€å››è·¯PT100è¦†ç›–çš„2é¢—TC18B20
  22            {12,99,99,99}    // ç¬¬ä¸€ã€äºŒã€ä¸‰ã€å››è·¯PT100è¦†ç›–çš„1é¢—TC18B20
  23          };
  24          
  25          void main(void)
  26          {
  27   1      //  char nTemperaturePoint,nDataCunt,nSiteIndex,nPT100Number,nTC1821IndexInOnePt100,nBitCunt,nTempMoveValue
             -,nChipPackageType;
  28   1      //  int xdata nSwingIndex[48],nMoveIndex[48],nTempData[48];
  29   1        
  30   1        char nDataCunt,nSiteIndex,nTempMoveValue,nChipPackageType;
  31   1        int xdata nMoveIndex[48],nTempData[48];
  32   1        float fOffsetValue;
  33   1        unsigned char nFuseAdj1[48],nFuseAdj2[48],nPwr[8] = {0x80,0x40,0x20,0x10,0x08,0x04,0x02,0x01};
  34   1      
  35   1      //  float fTemperatureWriteSlope00[2][48]; // fTemperatureWriteSlope00[0][48] -10åº¦ Slope = 0x00æ—¶18B20æµ
             -‹å¾—çš„æ¸©åº¦ï¼ŒfTemperatureWriteSlope00[1][48] 85åº¦ Slope = 0x00æ—¶18B20æµ‹å¾—çš„æ¸©åº¦
  36   1      //  float fSlopeTempData[2][48]; // fSlopeTempData[0][48] åŒä¸€ä¸ªæ¸©åº¦ç‚¹Slopeå†™0x00æ—¶18B20æµ‹å¾—çš„æ¸
             -©åº¦ï¼ŒfSlopeTempData[1][48] åŒä¸€ä¸ªæ¸©åº¦ç‚¹Slopeå†™1024æ—¶18B20æµ‹å¾—çš„æ¸©åº¦
  37   1      //  float fSlopeStepValue[2][48]; // -10åº¦å’Œ85åº¦æ—‹è½¬æ¸©åº¦æŠ¬å‡é‡
  38   1      //  float fMoveOneStepValue[48],fSwingOneStepValue[48];
  39   1        
  40   1        float xdata fTempData[48][2],fPt100Data[2][4];   
  41   1      //  float fSwingValue,fOffsetValue;
  42   1      //  unsigned char nFuseAdj1[48],nFuseAdj2[48],nTempAdj1,nAdj2TempData,nPwr[8] = {0x80,0x40,0x20,0x10,0x08,0
             -x04,0x02,0x01};
  43   1        VBE = 0xFE; Rotation = 0x04;
  44   1        
  45   1        SystemInit();
  46   1        UartOneInit(BTR115200);
  47   1        
  48   1        ES = 0x01;
  49   1        while(1){ // ç­‰å¾…æ€»æ§æ¿è¯¢é—®æœ¬æ¿æ˜¯å¦å­˜åœ¨
  50   2          if(bBoardIsHere){
C51 COMPILER V9.60.0.0   18B20NEWTRIMMING                                                  05/06/2023 12:08:17 PAGE 2   

  51   3            bBoardIsHere = 0;
  52   3            
  53   3            break;
  54   3          }
  55   2        }
  56   1        while(1){
  57   2          GetChipPackageType(&nChipPackageType);
  58   2      
  59   2          if(TRIMING == (nChipPackageType & 0x08)){
  60   3            
  61   3        /********************************************VBE  ä¿®è°ƒ  å¼€å§‹*****************************************
             -/  
  62   3        ///*      
  63   3            EX0 = 0x01;
  64   3            GetVBEandRotationValues();
  65   3            while(1){
  66   4              if(bStartFlag){ // å¯åŠ¨è¿›ç¨‹å¼€å§‹
  67   5                bStartFlag = 0x00;
  68   5                Delay_MS(10);
  69   5                break;
  70   5              }
  71   4            }     
  72   3            if(Version == Version_B){
  73   4              WriteDataToTC18B20_TH_TL_Conf(WRITE_SCRATCHPAD,0x7f,0x80,0x7f);   // 12 bit
  74   4              Delay_MS(1);
  75   4              WriteSameDataToTC18B20_AdjRom(WRITE_SCRATCHPAD,0xfe,0x00|Rotation); // 
  76   4              Delay_MS(100);
  77   4              SendTrimingProcessEnd();
  78   4      
  79   4              for(nSiteIndex = 0; nSiteIndex < 48; nSiteIndex++){
  80   5                fTempData[nSiteIndex][0] = 0.0;
  81   5                fTempData[nSiteIndex][1] = 0.0;
  82   5              }
  83   4              
  84   4              for(nDataCunt = 0; nDataCunt < MAXTEMPDATACUNT; nDataCunt++){ // æ—‹è½¬åå¹³ç§»é‡ADJ2ä¸º0æ—¶çš„æµ‹æ¸
             -©æ•°æ®
  85   5                EX1 = 0x01;
  86   5                while(1) 
  87   5                {
  88   6                  if(bRunStopFlag){ // æ¥æ”¶æ¥è‡ªæ€»æ§MCUçš„æ¸©åº¦æ•°æ®é‡‡é›†æŒ‡ä»¤
  89   7                    bRunStopFlag = 0x00;
  90   7                    Delay_MS(10);
  91   7                    break;
  92   7                  }
  93   6                }
  94   5                
  95   5                StartTC18B20Convert();
  96   5                Delay_MS(1000);
  97   5                ReadTemperatureDataFromTC18B20(nTempData);
  98   5                ChangeLogicPositionToPhysicalPosition(nTempData,nTargetPosition); // å°†èŠ¯ç‰‡çš„é€»è¾‘æµ‹è¯•ä½ç½®æ›
             -´æ”¹æˆè½½ç‰‡æ¿ä¸Šçš„å®é™…ä½ç½®
  99   5                
 100   5                for(nSiteIndex = 0; nSiteIndex < 48; nSiteIndex++){
 101   6                  fTempData[nSiteIndex][0] += ((float)(nTargetPosition[nSiteIndex]) / 16.0) / MAXTEMPDATACUNT;
 102   6                }
 103   5                
 104   5                SendTempDataToContrlMcu(nTargetPosition,48);
 105   5              }       
 106   4      
 107   4              GetPt100TempData(fPt100Data[0]);
 108   4      
 109   4              for(nSiteIndex = 0; nSiteIndex < 48; nSiteIndex++){ // è®¡ç®—å¹³ç§»çš„ç†”ä¸ä»£ç ï¼Œå¹¶å¡«åˆ°nAdj2çš„
C51 COMPILER V9.60.0.0   18B20NEWTRIMMING                                                  05/06/2023 12:08:17 PAGE 3   

             -é«˜äº”ä½é‡Œé¢
 110   5                if(TO92 == (nChipPackageType & 0x07)){
 111   6                  fOffsetValue = -(fTempData[nSiteIndex][0] - fPt100Data[0][nSiteIndex / 12] + 0.1) / 0.25;
 112   6                }
 113   5                
 114   5                nTempMoveValue = (int)fOffsetValue;
 115   5                if((fOffsetValue - (int)fOffsetValue) >= 0.5){
 116   6                  nTempMoveValue += 1;
 117   6                  if(nTempMoveValue > 31){
 118   7                    nTempMoveValue = 31;
 119   7                  }         
 120   6                }       
 121   5                nMoveIndex[nSiteIndex] = nTempMoveValue;
 122   5                    
 123   5              }
 124   4              SendTempDataToContrlMcu(nMoveIndex,48); // è®¡ç®—æ‰€å¾—çš„å¹³ç§»ç†”ä¸ä»£ç é€æ€»æ§åˆ¶æ¿
 125   4              ChangePhysicalToLogicPositionPosition(nMoveIndex,nTargetPosition);  // å°†è½½ç‰‡æ¿ä¸Šçš„ç‰©ç†ä½ç½®æ
             -”¹æˆæµ‹è¯•çš„é€»è¾‘ä½ç½®
 126   4              
 127   4              for(nSiteIndex = 0; nSiteIndex < 48; nSiteIndex++){
 128   5                nTempMoveValue = nTargetPosition[nSiteIndex];
 129   5                if(nTempMoveValue & 0x10){
 130   6                  nFuseAdj1[nSiteIndex] = 0xff;
 131   6                }
 132   5                else
 133   5                {
 134   6                  nFuseAdj1[nSiteIndex] = 0xfe;
 135   6                }
 136   5                
 137   5                nTempMoveValue <<= 4;
 138   5                nFuseAdj2[nSiteIndex] = 0x00 | Rotation;
 139   5                nFuseAdj2[nSiteIndex] |= nTempMoveValue;  // & 0xf0;
 140   5              }
 141   4            }
 142   3            else if(Version == Version_C){
 143   4              WriteDataToTC18B20_TH_TL_Conf(WRITE_SCRATCHPAD,0x7f,0x80,0x7f);   // 12 bit
 144   4              Delay_MS(1);
 145   4              WriteSameDataToTC18B20_AdjRom(WRITE_SCRATCHPAD,0xFE & VBE,0x00 | Rotation); // 
 146   4              Delay_MS(100);
 147   4              SendTrimingProcessEnd();
 148   4      
 149   4              for(nSiteIndex = 0; nSiteIndex < 48; nSiteIndex++){
 150   5                fTempData[nSiteIndex][0] = 0.0;
 151   5                fTempData[nSiteIndex][1] = 0.0;
 152   5              }
 153   4              
 154   4              for(nDataCunt = 0; nDataCunt < MAXTEMPDATACUNT; nDataCunt++){ // æ—‹è½¬åå¹³ç§»é‡ADJ2ä¸º0æ—¶çš„æµ‹æ¸
             -©æ•°æ®
 155   5                EX1 = 0x01;
 156   5                while(1) 
 157   5                {
 158   6                  if(bRunStopFlag){ // æ¥æ”¶æ¥è‡ªæ€»æ§MCUçš„æ¸©åº¦æ•°æ®é‡‡é›†æŒ‡ä»¤
 159   7                    bRunStopFlag = 0x00;
 160   7                    Delay_MS(10);
 161   7                    break;
 162   7                  }
 163   6                }
 164   5                
 165   5                StartTC18B20Convert();
 166   5                Delay_MS(1000);
 167   5                ReadTemperatureDataFromTC18B20(nTempData);
 168   5                ChangeLogicPositionToPhysicalPosition(nTempData,nTargetPosition); // å°†èŠ¯ç‰‡çš„é€»è¾‘æµ‹è¯•ä½ç½®æ›
C51 COMPILER V9.60.0.0   18B20NEWTRIMMING                                                  05/06/2023 12:08:17 PAGE 4   

             -´æ”¹æˆè½½ç‰‡æ¿ä¸Šçš„å®é™…ä½ç½®
 169   5                
 170   5                for(nSiteIndex = 0; nSiteIndex < 48; nSiteIndex++){
 171   6                  fTempData[nSiteIndex][0] += ((float)(nTargetPosition[nSiteIndex]) / 16.0) / MAXTEMPDATACUNT;
 172   6                }
 173   5                
 174   5                SendTempDataToContrlMcu(nTargetPosition,48);
 175   5              }       
 176   4      
 177   4              GetPt100TempData(fPt100Data[0]);
 178   4      
 179   4              for(nSiteIndex = 0; nSiteIndex < 48; nSiteIndex++){ // è®¡ç®—å¹³ç§»çš„ç†”ä¸ä»£ç ï¼Œå¹¶å¡«åˆ°nAdj2çš„
             -é«˜äº”ä½é‡Œé¢
 180   5                if(TO92 == (nChipPackageType & 0x07)){
 181   6                  fOffsetValue = -(fTempData[nSiteIndex][0] - fPt100Data[0][nSiteIndex / 12] + 0.1) / 0.125;
 182   6                }
 183   5                
 184   5                nTempMoveValue = (int)fOffsetValue;
 185   5                if((fOffsetValue - (int)fOffsetValue) >= 0.5){
 186   6                  nTempMoveValue += 1;
 187   6                  if(nTempMoveValue > 63){
 188   7                    nTempMoveValue = 63;
 189   7                  }         
 190   6                }
 191   5                
 192   5          //        if((fOffsetValue - (int)fOffsetValue) <= -0.5){
 193   5          //          nTempMoveValue -= 1;
 194   5          //          if(nTempMoveValue < -2){
 195   5          //            nTempMoveValue = -2;
 196   5          //          }         
 197   5          //        }
 198   5                
 199   5                nMoveIndex[nSiteIndex] = nTempMoveValue;
 200   5                    
 201   5              }
 202   4              SendTempDataToContrlMcu(nMoveIndex,48); // è®¡ç®—æ‰€å¾—çš„å¹³ç§»ç†”ä¸ä»£ç é€æ€»æ§åˆ¶æ¿
 203   4              ChangePhysicalToLogicPositionPosition(nMoveIndex,nTargetPosition);  // å°†è½½ç‰‡æ¿ä¸Šçš„ç‰©ç†ä½ç½®æ
             -”¹æˆæµ‹è¯•çš„é€»è¾‘ä½ç½®
 204   4              
 205   4              for(nSiteIndex = 0; nSiteIndex < 48; nSiteIndex++){
 206   5                nTempMoveValue = nTargetPosition[nSiteIndex];
 207   5                if(nTempMoveValue & 0x20){
 208   6                  nFuseAdj1[nSiteIndex] = VBE | 0x01;
 209   6                }
 210   5                else
 211   5                {
 212   6                  nFuseAdj1[nSiteIndex] = VBE & 0xfe;
 213   6                }
 214   5                
 215   5                nTempMoveValue <<= 3;
 216   5                nFuseAdj2[nSiteIndex] = 0x00 | Rotation;
 217   5                nFuseAdj2[nSiteIndex] |= nTempMoveValue;  // & 0xf0;
 218   5              }
 219   4            }
 220   3            
 221   3      
 222   3            
 223   3            EX0 = 0x01;
 224   3            while(1){
 225   4              if(bStartFlag){ // å¯åŠ¨è¿›ç¨‹å¼€å§‹
 226   5                bStartFlag = 0x00;
 227   5                Delay_MS(10);
C51 COMPILER V9.60.0.0   18B20NEWTRIMMING                                                  05/06/2023 12:08:17 PAGE 5   

 228   5                break;
 229   5              }
 230   4            }
 231   3            
 232   3            EX1 = 0x01;
 233   3            while(1) 
 234   3            {
 235   4              if(bRunStopFlag){ // æ¥æ”¶æ¥è‡ªæ€»æ§MCUçš„æ¸©åº¦æ•°æ®é‡‡é›†æŒ‡ä»¤
 236   5                bRunStopFlag = 0x00;
 237   5                Delay_MS(10);
 238   5                break;
 239   5              }
 240   4            }
 241   3            
 242   3            WriteDifferenceDataToTC18B20_AdjRom(WRITE_SCRATCHPAD,WriteAdj1,nFuseAdj1);
 243   3            Delay_MS(1);
 244   3            WriteDifferenceDataToTC18B20_AdjRom(WRITE_E2PROM,WriteAdj2,nFuseAdj2);     // æ—‹è½¬é‡å’Œå¹³ç§»é‡æ‹·è
             -´åˆ°E2Promä¸­
 245   3            
 246   3            Delay_MS(1000);
 247   3            SendTrimingProcessEnd();
 248   3            Delay_MS(3000);
 249   3            ReadAdjRomFromTC18B20(READ_E2PROM,nFuseAdj1,nFuseAdj2); // è¯»å–å†™å…¥E2PROMä¸­çš„æ ¡å‡†å€¼
 250   3        
 251   3              /***********Send VBE*************/
 252   3            memset(nTempData,0,sizeof(nTempData));
 253   3            for(nSiteIndex = 0; nSiteIndex < 48; nSiteIndex++){
 254   4              if(Version == Version_B){   
 255   5                nTempData[nSiteIndex] = nFuseAdj1[nSiteIndex];
 256   5              }
 257   4              else if(Version == Version_C){
 258   5                nTempData[nSiteIndex] = nFuseAdj1[nSiteIndex] & 0xFE;
 259   5              }
 260   4            }
 261   3            ChangeLogicPositionToPhysicalPosition(nTempData,nTargetPosition); // å°†èŠ¯ç‰‡çš„é€»è¾‘æµ‹è¯•ä½ç½®æ›´æ
             -”¹æˆè½½ç‰‡æ¿ä¸Šçš„å®é™…ä½ç½®
 262   3            SendTempDataToContrlMcu(nTargetPosition,48);
 263   3            /***********Send offset*************/
 264   3            memset(nTempData,0,sizeof(nTempData));
 265   3            for(nSiteIndex = 0; nSiteIndex < 48; nSiteIndex++){
 266   4              if(Version == Version_B){   
 267   5                nTempData[nSiteIndex] = nFuseAdj2[nSiteIndex] & 0xf0;
 268   5              }
 269   4              else if(Version == Version_C){
 270   5                nTempData[nSiteIndex] = ((nFuseAdj2[nSiteIndex] & 0xf8) >> 3) | ((nFuseAdj1[nSiteIndex] & 0x01) << 5)
             -;
 271   5              }       
 272   4            }
 273   3            ChangeLogicPositionToPhysicalPosition(nTempData,nTargetPosition); // å°†èŠ¯ç‰‡çš„é€»è¾‘æµ‹è¯•ä½ç½®æ›´æ
             -”¹æˆè½½ç‰‡æ¿ä¸Šçš„å®é™…ä½ç½®
 274   3            SendTempDataToContrlMcu(nTargetPosition,48);
 275   3            /***********Send Rotation*************/
 276   3            memset(nTempData,0,sizeof(nTempData));
 277   3            for(nSiteIndex = 0; nSiteIndex < 48; nSiteIndex++){
 278   4              if(Version == Version_B){           
 279   5                nTempData[nSiteIndex] = nFuseAdj2[nSiteIndex] & 0x0f;
 280   5              }
 281   4              else if(Version == Version_C){
 282   5                nTempData[nSiteIndex] = nFuseAdj2[nSiteIndex] & 0x07;
 283   5              }       
 284   4            }
 285   3            ChangeLogicPositionToPhysicalPosition(nTempData,nTargetPosition); // å°†èŠ¯ç‰‡çš„é€»è¾‘æµ‹è¯•ä½ç½®æ›´æ
C51 COMPILER V9.60.0.0   18B20NEWTRIMMING                                                  05/06/2023 12:08:17 PAGE 6   

             -”¹æˆè½½ç‰‡æ¿ä¸Šçš„å®é™…ä½ç½®
 286   3            SendTempDataToContrlMcu(nTargetPosition,48);
 287   3            
 288   3            
 289   3            Delay_MS(1000);
 290   3            
 291   3            for(nDataCunt = 0; nDataCunt < MAXTEMPDATACUNT; nDataCunt++){ // æµ‹æ¸©æ•°æ®
 292   4              EX1 = 0x01;
 293   4              while(1) 
 294   4              {
 295   5                if(bRunStopFlag){ // æ¥æ”¶æ¥è‡ªæ€»æ§MCUçš„æ¸©åº¦æ•°æ®é‡‡é›†æŒ‡ä»¤
 296   6                  bRunStopFlag = 0x00;
 297   6                  Delay_MS(10);
 298   6                  break;
 299   6                }
 300   5              }
 301   4              
 302   4              StartTC18B20Convert();
 303   4              Delay_MS(1000);
 304   4              ReadTemperatureDataFromTC18B20(nTempData);
 305   4              ChangeLogicPositionToPhysicalPosition(nTempData,nTargetPosition); // å°†èŠ¯ç‰‡çš„é€»è¾‘æµ‹è¯•ä½ç½®æ›´
             -æ”¹æˆè½½ç‰‡æ¿ä¸Šçš„å®é™…ä½ç½®
 306   4              
 307   4              SendTempDataToContrlMcu(nTargetPosition,48);
 308   4            } 
 309   3          }     
 310   2          
 311   2        
 312   2        /********************************************VBE  ä¿®è°ƒ  ç»“æŸ****************************************
             -*/      
 313   2      
 314   2          bTestEndFlag = 0x00;
 315   2          bStartFlag = 0x00;
 316   2          EX0 = 0x01;
 317   2          while(1){           // å…¨æ¸©åŒºå…¨ç”µå‹æµ‹æ¸©
 318   3            if(bTestEndFlag)
 319   3              break;
 320   3            
 321   3            if(bStartFlag){
 322   4              ES = 0x00;      // æ³¨æ„ï¼Œåœ¨è¿™é‡Œè¦å…³é—­ä¸²å£ä¸­æ–­ï¼Œå¦åˆ™ä¸‹é¢å‘é€æ•°æ®ä¼šå¤±è´¥
 323   4              bStartFlag = 0x00;
 324   4              Delay_MS(10);
 325   4              
 326   4              WriteDataToTC18B20_TH_TL_Conf(WRITE_SCRATCHPAD,0x7f,0x80,0x7f);   // 12 bit
 327   4              Delay_MS(1);
 328   4              for(nDataCunt = 0; nDataCunt < MAXTEMPDATACUNT; nDataCunt++){
 329   5                EX1 = 0x01;
 330   5                while(1) 
 331   5                {
 332   6                  if(bRunStopFlag){ // æ¥æ”¶æ¥è‡ªæ€»æ§MCUçš„æ¸©åº¦æ•°æ®é‡‡é›†æŒ‡ä»¤
 333   7                    bRunStopFlag = 0x00;
 334   7                    Delay_MS(10);
 335   7                    
 336   7                    StartTC18B20Convert();
 337   7                    Delay_MS(1000);
 338   7                    ReadTemperatureDataFromTC18B20(nTempData);
 339   7                    ChangeLogicPositionToPhysicalPosition(nTempData,nTargetPosition); // å°†èŠ¯ç‰‡çš„é€»è¾‘æµ‹è¯•ä½ç½®
             -æ›´æ”¹æˆè½½ç‰‡æ¿ä¸Šçš„å®é™…ä½ç½®
 340   7                    SendTempDataToContrlMcu(nTargetPosition,48);
 341   7                    
 342   7                    break;
 343   7                  }
C51 COMPILER V9.60.0.0   18B20NEWTRIMMING                                                  05/06/2023 12:08:17 PAGE 7   

 344   6                } 
 345   5              } // for end
 346   4              
 347   4              EX0 = 0x01;
 348   4              RI = 0x00;
 349   4              TI = 0x00;
 350   4              ES = 0x01;
 351   4            }
 352   3          } // å…¨æ¸©åŒºå…¨ç”µå‹æµ‹æ¸©ç»“æŸ
 353   2        }
 354   1      }


MODULE INFORMATION:   STATIC OVERLAYABLE
   CODE SIZE        =   3172    ----
   CONSTANT SIZE    =     44    ----
   XDATA SIZE       =   ----     720
   PDATA SIZE       =   ----    ----
   DATA SIZE        =   ----    ----
   IDATA SIZE       =   ----    ----
   BIT SIZE         =   ----    ----
END OF MODULE INFORMATION.


C51 COMPILATION COMPLETE.  0 WARNING(S),  0 ERROR(S)
